3782762
1725348
5617415
1696403
2482599
4991737
3935561
3319069
6356125
2930129
2810417
3576486
5007427
4880889
4470019
5630950
2574226
2756963
5398952
4170293
1531816
2032785
4153570
1723100
4599674
4580507
4984738
3853410
3163502
3047134
7468601
5938811
2583563
5183648
3095626
2012095
5121999
6187050
4565208
1513012
3159461
2505953
4825825
526486
5097085
3230986
2071550
6210548
5101785
2327341
2048231
3852348
852933
2325980
5566884
4286298
5189142
702836
3031759
5091571
2700179
3622078
3873899
2418720
3199573
2955227
4188820
3439491
799809
3487849
5864603
732763
4206734
2661115
1860109
4212533
6520766
5888183
2005270
3093040
1383955
6625165
5850455
6019671
1727374
736146
3884409
5099601
5494918
3404116
2814459
2410981
3544183
5933039
4438480
3961837
3311274
4233213
1988748
2449251
4749681
4172894
4567245
5595111
3433845
1659654
1652960
2116154
3199839
3356534
2860818
1500359
4008648
6668009
3650918
5580397
6390329
7844521
2789181
5805312
6476426
2822816
1128940
2374726
4407880
3174757
4376836
1688471
5862468
3269493
4031803
3918334
3035992
4725039
2678206
4156831
4915510
3652249
2516695
3454074
2563561
4402540
5053253
2708811
3838121
1765406
6495674
1975804
2753106
3516135
4472287
1230296
1995877
2375326
2385312
2945613
778140
1517951
5327456
2556823
4539361
4363040
2804926
1210734
519963
2750549
3731936
4161473
3677922
3985772
3244360
4656377
2800431
2404653
5243373
4463175
1747881
2916127
2714646
2497309
893060
5817428
3733165
4943134
1546437
3480640
2116978
2248665
4188604
5320302
4537926
884814
4263544
2615283
4766722
2823461
186072
2328653
6197838
2263602
5042860
7345675
6458344
3431774
4651550
3242227
7754659
3771111
6729698
5577324
5727092
2536701
2483015
3239183
1718864
3809330
5479133
5672875
4159108
4152834
3048861
1633062
4138566
2475550
7694999
2597431
3001630
4143294
3553570
4527860
3913212
6744362
2962720
2587311
3480432
2442730
6039190
5857597
3515201
7060294
4620851
2273618
4284956
4914817
5868123
2498927
2175391
3360392
5441015
4986297
3302156
7060530
2602300
6250649
4066694
5324532
5294162
4121155
4895044
5776447
4029363
2481667
4726812
2608098
3084917
1525429
7224694
4784380
3971008
3718112
4475570
4380259
1750350
993754
4509076
2249415
4656530
1972112
2619143
3145232
6553448
2021522
5445537
4905380
3994383
2946773
2652163
3053760
3275932
1422498
2490368
5558320
2537308
4286011
2645347
3322182
4903328
1151886
1131777
4597365
2737174
5047903
4826434
3078704
1988628
6204135
4698264
7100937
3850200
5500663
2647803
1838329
4963853
5373398
2797690
4745855
2409388
6161799
1251703
3937102
6267198
2541572
3645291
3506624
4006460
2129735
5863198
193760
2930793
5154512
5441681
5051066
3130351
5223406
5288550
6359819
4851062
3413217
7081767
4468918
1709235
2793341
5232961
2415403
2291412
4445309
1957772
2472793
2393338
1848128
3230315
5730928
7151605
2789963
4940202
2932950
2533018
6041736
2457498
4212418
3222362
4633121
354085
6208439
4654060
3041769
2351575
5123604
1828167
1024564
2868829
1190277
4706820
5333176
2076133
5916537
4904244
1941488
1940762
4005866
606034
1957872
3506089
4902091
2360963
3988272
3048366
3991425
2630009
2656814
2517094
2132928
5805738
5722880
2544862
2246469
2764186
2718919
7245710
3814458
2757082
2935940
3878984
3083527
6195360
2867249
4699719
2265008
846735
4832452
5834020
1825263
5550197
4391195
7234103
5323646
5967152
1030799
4024565
4115797
5045022
3329236
2745093
4124928
1451227
3119562
3850948
2757350
5196104
4937808
1756978
6017547
2399928
2569141
3961785
1853757
4063111
5684154
581782
4707519
2544301
1030334
5553919
2074249
5095803
3312820
2582371
4709182
5000780
3098618
1677809
4701086
906872
407728
1238472
3972050
4454212
6248194
3618730
5019822
3037657
5518600
1462838
1608056
4206146
3739958
2971517
1326068
4921229
1296140
3284157
3101389
3736847
5911509
2027612
985395
2561094
3760579
2310047
597854
6817660
6391111
1883932
4161399
2937995
3089428
5388746
5228571
7451095
6652426
3377696
4040194
2043503
3657455
2423264
1326476
1014281
1946352
3173849
5154640
5701459
5416245
1591217
4805991
3152159
2498337
6981347
3261978
2633446
6638263
1933405
3585661
4899572
5913742
627328
3785116
3675286
4363020
1743134
216153
3454896
2894787
2961151
2701376
3019149
1393472
5977964
1646446
4376915
6431301
3637560
4476794
6530563
2124019
4450911
4467414
3360621
5098821
5105970
6866895
1652119
4489051
6106078
5905920
2833977
6208897
4800916
4481857
2927590
7281562
4504111
2303349
682524
2914870
4424485
4494803
2391683
2941586
543287
2908052
6149019
3221349
7473868
3313998
3184771
7078247
6967697
2897779
4361919
2657612
3475372
4608348
3972465
4684575
6908644
1572832
2397127
5009999
4708842
2216446
4059816
4915273
4036912
1336335
2225361
4274394
7633624
2571991
2618753
1803782
2609938
3561732
4619436
3181405
4437556
3476711
5520309
1450100
4193676
7063213
1743525
4402366
2233605
3875774
2946061
4603605
4627917
5180068
2889196
2089634
1383883
7047488
1625562
2473003
887548
5086606
2406817
3516749
1985639
3293767
3064398
2754559
3045603
2864241
5850754
1292668
674378
4014673
5127618
3602928
4902974
2076191
1538305
4845676
5394121
6918066
5425471
5190628
4952409
4643125
2900479
2795302
4558278
3474183
2144998
6287556
1193664
969820
5384120
753866
4978569
2826841
3319284
1952359
721898
3972754
6996208
1957947
5895490
2734950
5597706
2479552
5256922
4438336
673996
1546182
1736065
3141074
2986419
2699487
3277181
5198094
6069037
2211154
2177550
2585585
2910815
2438248
4304251
5084213
5306389
4298258
5604304
3552143
2992098
5925157
2934812
2892697
2685163
1470356
5627187
5818018
3153842
1495159
2865379
6743698
3571428
4737016
4893384
408044
4490026
6748555
6922781
1181640
2645880
5521087
4653024
5122999
1874457
3657550
2127967
7191195
763397
1219644
4880894
963013
5133481
1424638
5129470
711224
4326396
5046024
4284053
3806232
3359354
3763728
6273839
3325831
5646429
2194291
2941461
3635328
3296927
3096904
2550764
3527600
1987385
3267191
2759505
4001190
1504169
3844702
3371208
1814809
6667441
5382773
1956524
2076472
2962861
2415341
6504495
3125780
4043451
3839475
963523
3049236
844214
6510266
1700842
4987793
3870515
2454077
3306846
3511230
3270505
80090
4510259
4932893
3541408
5027435
5882913
4167621
2535058
2158877
4392648
3975249
2156994
4563508
6682633
4762356
4991567
547007
2617113
791598
7218138
2960942
2871462
2294764
6448103
2598570
3424475
3270080
3465398
3890597
5219154
4910099
3704592
3128725
5711639
6066222
436754
2129279
3069852
3613517
2847225
4016597
3885321
958929
6688979
6722242
3755260
3481535
6704100
7106799
5782861
1874880
4160262
2734234
1258437
3404154
2670948
4779819
7191145
2694229
5704457
1095345
4567137
4103386
6053949
5712274
1046006
3049813
2400368
2668390
3077626
3924755
2924482
1448803
2150699
3867785
2855788
1550449
5236984
5874607
3070986
2242748
3084025
3461424
3229520
6722531
5966120
2453270
1602864
4904242
1863038
2385490
6920768
4935020
2927762
2494309
1754090
1006519
5237905
6586777
3295093
3391497
2564168
1508923
3548103
4528548
6960546
2245010
5447312
4127006
3281955
3076071
4172202
2223047
5204370
5261304
2529582
1711088
823925
777133
1977412
2988728
2673983
5141805
3642544
4969047
2668224
2985912
1340737
6285253
6087672
1034642
1432426
6346050
1548941
3063077
2688055
5919501
4074637
3839829
4709765
614680
6804508
6436837
2923944
2271567
2721508
6686891
3896123
2452868
6366291
2044136
2532426
5029373
2950387
4932438
1679755
3707427
1988765
2056517
4137832
2933954
5732464
2889032
2821988
1377403
2300661
7618099
1353620
4528752
4241020
1527216
809886
5574517
2253413
2855845
2096592
1939322
3652459
2780930
2157127
1242799
1696022
3058966
2454274
1965469
5147150
4390165
1004145
1922883
2645765
2550004
6090149
3068693
2457130
2752002
1776024
6641788
3788925
3175102
3931972
1286674
1014345
773972
5063569
2962394
2829066
5144371
4616054
2536281
5075661
2346394
1408925
2476799
4505004
4847879
6004939
877901
3707536
2964060
2440961
6727405
3324597
5423445
7111677
2507628
2469988
2127872
3464767
4964790
2923641
2197510
6546296
6083393
2705259
1708222
